[2015- 3-27-12:47] [[1m[31m000(B[m] Unknown [1m[31merror(B[m on: http://www.meijilishuo.com/ [32m-> (B[m [1m[31mCheck manually(B[m
[2015- 3-27-12:47] [[32m200(B[m] Server is [32mrunning(B[m on: http://www.meilishuo.com/welcome?frm=dae
[2015- 3-27-12:47] [[32m200(B[m] Server is [32mrunning(B[m on: http://www.meilishuo.com/guang/hot?frm=d
[2015- 3-27-12:47] [[32m200(B[m] Server is [32mrunning(B[m on: http://www.meilishuo.com/guang/catalog/d
[2015- 3-27-12:47] [[32m200(B[m] Server is [32mrunning(B[m on: http://www.meilishuo.com/guang/catalog/s
[2015- 3-27-12:47] [[32m200(B[m] Server is [32mrunning(B[m on: http://www.meilishuo.com/guang/catalog/b
[2015- 3-27-12:47] [[32m200(B[m] Server is [32mrunning(B[m on: http://www.meilishuo.com/guang/catalog/a
[2015- 3-27-12:47] [[32m200(B[m] Server is [32mrunning(B[m on: http://www.meilishuo.com/guang/catalog/j
[2015- 3-27-12:47] [[32m200(B[m] Server is [32mrunning(B[m on: http://www.meilishuo.com/beauty?frm=daeh
[2015- 3-27-12:47] [[32m200(B[m] Server is [32mrunning(B[m on: http://www.meilishuo.com/biz/shareact/li
[2015- 3-27-12:47] [[32m200(B[m] Server is [32mrunning(B[m on: http://www.meilishuo.com/tuan/?frm=daeh
[2015- 3-27-12:47] [[32m200(B[m] Server is [32mrunning(B[m on: http://www.meilishuo.com/shop/?frm=daeh
[2015- 3-27-12:47] [[32m200(B[m] Server is [32mrunning(B[m on: http://www.meilishuo.com/magazine?frm=da
[2015- 3-27-12:47] [[32m200(B[m] Server is [32mrunning(B[m on: http://www.meilishuo.com/welfare?frm=dae
[2015- 3-27-12:47] [[32m200(B[m] Server is [32mrunning(B[m on: http://order.meilishuo.com/cart
[2015- 3-27-12:47] [[32m200(B[m] Server is [32mrunning(B[m on: https://account.meilishuo.com/user/regis
[2015- 3-27-12:47] [[33m301(B[m] Page [33mredirection(B[m on: https://account.meilishuo.com/user/login [32m-> (B[m [33mCheck the resulting page is valid(B[m
[2015- 3-27-12:47] [[32m200(B[m] Server is [32mrunning(B[m on: http://www.meilishuo.com/daren?frm=daeh
[2015- 3-27-12:48] [[32m200(B[m] Server is [32mrunning(B[m on: http://www.meilishuo.com/search?searchKe
[2015- 3-27-12:48] [[32m200(B[m] Server is [32mrunning(B[m on: http://www.meilishuo.com/client/?frm=dae
[2015- 3-27-12:48] [[32m200(B[m] Server is [32mrunning(B[m on: http://www.meilishuo.com/biz/exo/main/pc
[2015- 3-27-12:48] [[32m200(B[m] Server is [32mrunning(B[m on: http://www.meilishuo.com/guang/catalog/d
[2015- 3-27-12:48] [[32m200(B[m] Server is [32mrunning(B[m on: http://www.meilishuo.com/guang/catalog/d
[2015- 3-27-12:48] [[32m200(B[m] Server is [32mrunning(B[m on: http://www.meilishuo.com/guang/catalog/d
[2015- 3-27-12:48] [[32m200(B[m] Server is [32mrunning(B[m on: http://www.meilishuo.com/guang/catalog/d
[2015- 3-27-12:48] [[32m200(B[m] Server is [32mrunning(B[m on: http://www.meilishuo.com/help/feedback?f
